<?xml version="1.0" encoding="UTF-8"?>
<coverage generated="1769881569174" clover="3.2.0">
  <project timestamp="1769881569174" name="All files">
    <metrics statements="82" coveredstatements="77" conditionals="48" coveredconditionals="40" methods="17" coveredmethods="15" elements="147" coveredelements="132" complexity="0" loc="82" ncloc="82" packages="1" files="2" classes="2"/>
    <file name="index.js" path="/Users/usamak/Documents/agent/error-debugger/backend/sdk/javascript/src/index.js">
      <metrics statements="70" coveredstatements="65" conditionals="48" coveredconditionals="40" methods="16" coveredmethods="14"/>
      <line num="1" count="20" type="stmt"/>
      <line num="2" count="20" type="stmt"/>
      <line num="3" count="20" type="stmt"/>
      <line num="4" count="20" type="stmt"/>
      <line num="5" count="20" type="stmt"/>
      <line num="6" count="20" type="stmt"/>
      <line num="8" count="20" type="stmt"/>
      <line num="9" count="20" type="stmt"/>
      <line num="33" count="19" type="cond" truecount="2" falsecount="0"/>
      <line num="34" count="1" type="stmt"/>
      <line num="35" count="1" type="stmt"/>
      <line num="47" count="18" type="stmt"/>
      <line num="50" count="18" type="cond" truecount="2" falsecount="0"/>
      <line num="51" count="17" type="cond" truecount="2" falsecount="0"/>
      <line num="54" count="16" type="cond" truecount="2" falsecount="0"/>
      <line num="59" count="16" type="stmt"/>
      <line num="71" count="16" type="stmt"/>
      <line num="79" count="16" type="cond" truecount="2" falsecount="0"/>
      <line num="82" count="16" type="stmt"/>
      <line num="88" count="16" type="stmt"/>
      <line num="91" count="16" type="stmt"/>
      <line num="94" count="16" type="stmt"/>
      <line num="96" count="16" type="stmt"/>
      <line num="98" count="16" type="cond" truecount="1" falsecount="1"/>
      <line num="99" count="0" type="stmt"/>
      <line num="102" count="16" type="stmt"/>
      <line num="109" count="6" type="cond" truecount="2" falsecount="0"/>
      <line num="110" count="1" type="stmt"/>
      <line num="111" count="1" type="stmt"/>
      <line num="114" count="5" type="stmt"/>
      <line num="115" count="5" type="stmt"/>
      <line num="118" count="5" type="cond" truecount="2" falsecount="0"/>
      <line num="120" count="5" type="stmt"/>
      <line num="121" count="5" type="stmt"/>
      <line num="124" count="5" type="stmt"/>
      <line num="125" count="2" type="stmt"/>
      <line num="128" count="5" type="stmt"/>
      <line num="135" count="2" type="cond" truecount="1" falsecount="1"/>
      <line num="137" count="2" type="stmt"/>
      <line num="138" count="2" type="stmt"/>
      <line num="140" count="2" type="stmt"/>
      <line num="141" count="2" type="stmt"/>
      <line num="143" count="2" type="stmt"/>
      <line num="144" count="1" type="stmt"/>
      <line num="147" count="2" type="stmt"/>
      <line num="154" count="2" type="stmt"/>
      <line num="155" count="2" type="cond" truecount="2" falsecount="0"/>
      <line num="156" count="1" type="stmt"/>
      <line num="157" count="1" type="cond" truecount="1" falsecount="1"/>
      <line num="158" count="1" type="cond" truecount="1" falsecount="1"/>
      <line num="161" count="1" type="stmt"/>
      <line num="162" count="2" type="cond" truecount="4" falsecount="0"/>
      <line num="163" count="1" type="stmt"/>
      <line num="171" count="16" type="stmt"/>
      <line num="172" count="1" type="stmt"/>
      <line num="174" count="1" type="cond" truecount="1" falsecount="1"/>
      <line num="175" count="1" type="stmt"/>
      <line num="176" count="1" type="stmt"/>
      <line num="177" count="0" type="stmt"/>
      <line num="179" count="0" type="stmt"/>
      <line num="184" count="16" type="stmt"/>
      <line num="185" count="1" type="cond" truecount="1" falsecount="1"/>
      <line num="188" count="1" type="stmt"/>
      <line num="193" count="16" type="stmt"/>
      <line num="194" count="1" type="cond" truecount="1" falsecount="1"/>
      <line num="195" count="1" type="stmt"/>
      <line num="196" count="1" type="stmt"/>
      <line num="197" count="0" type="stmt"/>
      <line num="199" count="0" type="stmt"/>
      <line num="204" count="20" type="stmt"/>
    </file>
    <file name="instrumentation.js" path="/Users/usamak/Documents/agent/error-debugger/backend/sdk/javascript/src/instrumentation.js">
      <metrics statements="12" coveredstatements="12" conditionals="0" coveredconditionals="0" methods="1" coveredmethods="1"/>
      <line num="2" count="2" type="stmt"/>
      <line num="5" count="2" type="stmt"/>
      <line num="6" count="2" type="stmt"/>
      <line num="7" count="2" type="stmt"/>
      <line num="11" count="2" type="stmt"/>
      <line num="12" count="2" type="stmt"/>
      <line num="13" count="2" type="stmt"/>
      <line num="17" count="2" type="stmt"/>
      <line num="18" count="2" type="stmt"/>
      <line num="19" count="2" type="stmt"/>
      <line num="22" count="2" type="stmt"/>
      <line num="25" count="21" type="stmt"/>
    </file>
  </project>
</coverage>
