{"/Users/usamak/Documents/agent/error-debugger/backend/sdk/javascript/src/index.js": {"path":"/Users/usamak/Documents/agent/error-debugger/backend/sdk/javascript/src/index.js","statementMap":{"0":{"start":{"line":1,"column":20},"end":{"line":1,"column":54}},"1":{"start":{"line":2,"column":30},"end":{"line":2,"column":80}},"2":{"start":{"line":3,"column":21},"end":{"line":3,"column":56}},"3":{"start":{"line":4,"column":39},"end":{"line":4,"column":85}},"4":{"start":{"line":5,"column":18},"end":{"line":5,"column":47}},"5":{"start":{"line":6,"column":32},"end":{"line":6,"column":60}},"6":{"start":{"line":8,"column":10},"end":{"line":8,"column":14}},"7":{"start":{"line":9,"column":18},"end":{"line":9,"column":23}},"8":{"start":{"line":33,"column":4},"end":{"line":36,"column":5}},"9":{"start":{"line":34,"column":8},"end":{"line":34,"column":60}},"10":{"start":{"line":35,"column":8},"end":{"line":35,"column":19}},"11":{"start":{"line":47,"column":8},"end":{"line":47,"column":15}},"12":{"start":{"line":50,"column":4},"end":{"line":50,"column":65}},"13":{"start":{"line":50,"column":14},"end":{"line":50,"column":65}},"14":{"start":{"line":51,"column":4},"end":{"line":51,"column":69}},"15":{"start":{"line":51,"column":16},"end":{"line":51,"column":69}},"16":{"start":{"line":54,"column":21},"end":{"line":56,"column":52}},"17":{"start":{"line":59,"column":21},"end":{"line":68,"column":5}},"18":{"start":{"line":71,"column":26},"end":{"line":76,"column":6}},"19":{"start":{"line":79,"column":29},"end":{"line":79,"column":72}},"20":{"start":{"line":82,"column":4},"end":{"line":86,"column":7}},"21":{"start":{"line":88,"column":4},"end":{"line":88,"column":16}},"22":{"start":{"line":91,"column":4},"end":{"line":91,"column":25}},"23":{"start":{"line":94,"column":4},"end":{"line":94,"column":28}},"24":{"start":{"line":96,"column":4},"end":{"line":96,"column":23}},"25":{"start":{"line":98,"column":4},"end":{"line":100,"column":5}},"26":{"start":{"line":99,"column":8},"end":{"line":99,"column":64}},"27":{"start":{"line":102,"column":4},"end":{"line":102,"column":15}},"28":{"start":{"line":109,"column":4},"end":{"line":112,"column":5}},"29":{"start":{"line":110,"column":8},"end":{"line":110,"column":77}},"30":{"start":{"line":111,"column":8},"end":{"line":111,"column":15}},"31":{"start":{"line":114,"column":19},"end":{"line":114,"column":51}},"32":{"start":{"line":115,"column":17},"end":{"line":115,"column":55}},"33":{"start":{"line":118,"column":21},"end":{"line":118,"column":90}},"34":{"start":{"line":120,"column":4},"end":{"line":120,"column":35}},"35":{"start":{"line":121,"column":4},"end":{"line":121,"column":59}},"36":{"start":{"line":124,"column":4},"end":{"line":126,"column":7}},"37":{"start":{"line":125,"column":8},"end":{"line":125,"column":46}},"38":{"start":{"line":128,"column":4},"end":{"line":128,"column":15}},"39":{"start":{"line":135,"column":4},"end":{"line":135,"column":29}},"40":{"start":{"line":135,"column":22},"end":{"line":135,"column":29}},"41":{"start":{"line":137,"column":19},"end":{"line":137,"column":51}},"42":{"start":{"line":138,"column":17},"end":{"line":138,"column":48}},"43":{"start":{"line":140,"column":4},"end":{"line":140,"column":42}},"44":{"start":{"line":141,"column":4},"end":{"line":141,"column":38}},"45":{"start":{"line":143,"column":4},"end":{"line":145,"column":7}},"46":{"start":{"line":144,"column":8},"end":{"line":144,"column":46}},"47":{"start":{"line":147,"column":4},"end":{"line":147,"column":15}},"48":{"start":{"line":154,"column":17},"end":{"line":154,"column":38}},"49":{"start":{"line":155,"column":4},"end":{"line":166,"column":5}},"50":{"start":{"line":156,"column":8},"end":{"line":156,"column":45}},"51":{"start":{"line":157,"column":8},"end":{"line":157,"column":74}},"52":{"start":{"line":157,"column":27},"end":{"line":157,"column":74}},"53":{"start":{"line":158,"column":8},"end":{"line":158,"column":83}},"54":{"start":{"line":158,"column":30},"end":{"line":158,"column":83}},"55":{"start":{"line":161,"column":8},"end":{"line":165,"column":11}},"56":{"start":{"line":162,"column":12},"end":{"line":164,"column":13}},"57":{"start":{"line":163,"column":16},"end":{"line":163,"column":64}},"58":{"start":{"line":171,"column":4},"end":{"line":181,"column":7}},"59":{"start":{"line":172,"column":8},"end":{"line":172,"column":32}},"60":{"start":{"line":174,"column":8},"end":{"line":180,"column":9}},"61":{"start":{"line":175,"column":12},"end":{"line":177,"column":46}},"62":{"start":{"line":176,"column":28},"end":{"line":176,"column":43}},"63":{"start":{"line":177,"column":29},"end":{"line":177,"column":44}},"64":{"start":{"line":179,"column":12},"end":{"line":179,"column":28}},"65":{"start":{"line":184,"column":4},"end":{"line":189,"column":7}},"66":{"start":{"line":185,"column":22},"end":{"line":187,"column":57}},"67":{"start":{"line":188,"column":8},"end":{"line":188,"column":32}},"68":{"start":{"line":193,"column":4},"end":{"line":201,"column":7}},"69":{"start":{"line":194,"column":8},"end":{"line":200,"column":9}},"70":{"start":{"line":195,"column":12},"end":{"line":197,"column":46}},"71":{"start":{"line":196,"column":28},"end":{"line":196,"column":43}},"72":{"start":{"line":197,"column":29},"end":{"line":197,"column":44}},"73":{"start":{"line":199,"column":12},"end":{"line":199,"column":28}},"74":{"start":{"line":204,"column":0},"end":{"line":209,"column":2}}},"fnMap":{"0":{"name":"init","decl":{"start":{"line":32,"column":9},"end":{"line":32,"column":13}},"loc":{"start":{"line":32,"column":23},"end":{"line":103,"column":1}},"line":32},"1":{"name":"captureException","decl":{"start":{"line":108,"column":9},"end":{"line":108,"column":25}},"loc":{"start":{"line":108,"column":51},"end":{"line":129,"column":1}},"line":108},"2":{"name":"(anonymous_2)","decl":{"start":{"line":124,"column":36},"end":{"line":124,"column":37}},"loc":{"start":{"line":124,"column":54},"end":{"line":126,"column":5}},"line":124},"3":{"name":"captureMessage","decl":{"start":{"line":134,"column":9},"end":{"line":134,"column":23}},"loc":{"start":{"line":134,"column":63},"end":{"line":148,"column":1}},"line":134},"4":{"name":"(anonymous_4)","decl":{"start":{"line":143,"column":36},"end":{"line":143,"column":37}},"loc":{"start":{"line":143,"column":54},"end":{"line":145,"column":5}},"line":143},"5":{"name":"setUser","decl":{"start":{"line":153,"column":9},"end":{"line":153,"column":16}},"loc":{"start":{"line":153,"column":39},"end":{"line":167,"column":1}},"line":153},"6":{"name":"(anonymous_6)","decl":{"start":{"line":161,"column":40},"end":{"line":161,"column":41}},"loc":{"start":{"line":161,"column":58},"end":{"line":165,"column":9}},"line":161},"7":{"name":"setupErrorHandlers","decl":{"start":{"line":169,"column":9},"end":{"line":169,"column":27}},"loc":{"start":{"line":169,"column":30},"end":{"line":190,"column":1}},"line":169},"8":{"name":"(anonymous_8)","decl":{"start":{"line":171,"column":36},"end":{"line":171,"column":37}},"loc":{"start":{"line":171,"column":47},"end":{"line":181,"column":5}},"line":171},"9":{"name":"(anonymous_9)","decl":{"start":{"line":176,"column":22},"end":{"line":176,"column":23}},"loc":{"start":{"line":176,"column":28},"end":{"line":176,"column":43}},"line":176},"10":{"name":"(anonymous_10)","decl":{"start":{"line":177,"column":23},"end":{"line":177,"column":24}},"loc":{"start":{"line":177,"column":29},"end":{"line":177,"column":44}},"line":177},"11":{"name":"(anonymous_11)","decl":{"start":{"line":184,"column":37},"end":{"line":184,"column":38}},"loc":{"start":{"line":184,"column":58},"end":{"line":189,"column":5}},"line":184},"12":{"name":"setupShutdownHandlers","decl":{"start":{"line":192,"column":9},"end":{"line":192,"column":30}},"loc":{"start":{"line":192,"column":33},"end":{"line":202,"column":1}},"line":192},"13":{"name":"(anonymous_13)","decl":{"start":{"line":193,"column":26},"end":{"line":193,"column":27}},"loc":{"start":{"line":193,"column":32},"end":{"line":201,"column":5}},"line":193},"14":{"name":"(anonymous_14)","decl":{"start":{"line":196,"column":22},"end":{"line":196,"column":23}},"loc":{"start":{"line":196,"column":28},"end":{"line":196,"column":43}},"line":196},"15":{"name":"(anonymous_15)","decl":{"start":{"line":197,"column":23},"end":{"line":197,"column":24}},"loc":{"start":{"line":197,"column":29},"end":{"line":197,"column":44}},"line":197}},"branchMap":{"0":{"loc":{"start":{"line":33,"column":4},"end":{"line":36,"column":5}},"type":"if","locations":[{"start":{"line":33,"column":4},"end":{"line":36,"column":5}},{"start":{},"end":{}}],"line":33},"1":{"loc":{"start":{"line":41,"column":8},"end":{"line":41,"column":66}},"type":"default-arg","locations":[{"start":{"line":41,"column":22},"end":{"line":41,"column":66}}],"line":41},"2":{"loc":{"start":{"line":41,"column":22},"end":{"line":41,"column":66}},"type":"binary-expr","locations":[{"start":{"line":41,"column":22},"end":{"line":41,"column":50}},{"start":{"line":41,"column":54},"end":{"line":41,"column":66}}],"line":41},"3":{"loc":{"start":{"line":42,"column":8},"end":{"line":42,"column":34}},"type":"default-arg","locations":[{"start":{"line":42,"column":22},"end":{"line":42,"column":34}}],"line":42},"4":{"loc":{"start":{"line":43,"column":8},"end":{"line":43,"column":49}},"type":"default-arg","locations":[{"start":{"line":43,"column":18},"end":{"line":43,"column":49}}],"line":43},"5":{"loc":{"start":{"line":44,"column":8},"end":{"line":44,"column":30}},"type":"default-arg","locations":[{"start":{"line":44,"column":25},"end":{"line":44,"column":30}}],"line":44},"6":{"loc":{"start":{"line":45,"column":8},"end":{"line":45,"column":21}},"type":"default-arg","locations":[{"start":{"line":45,"column":16},"end":{"line":45,"column":21}}],"line":45},"7":{"loc":{"start":{"line":46,"column":8},"end":{"line":46,"column":24}},"type":"default-arg","locations":[{"start":{"line":46,"column":21},"end":{"line":46,"column":24}}],"line":46},"8":{"loc":{"start":{"line":50,"column":4},"end":{"line":50,"column":65}},"type":"if","locations":[{"start":{"line":50,"column":4},"end":{"line":50,"column":65}},{"start":{},"end":{}}],"line":50},"9":{"loc":{"start":{"line":51,"column":4},"end":{"line":51,"column":69}},"type":"if","locations":[{"start":{"line":51,"column":4},"end":{"line":51,"column":69}},{"start":{},"end":{}}],"line":51},"10":{"loc":{"start":{"line":54,"column":21},"end":{"line":56,"column":52}},"type":"cond-expr","locations":[{"start":{"line":55,"column":10},"end":{"line":55,"column":13}},{"start":{"line":56,"column":10},"end":{"line":56,"column":52}}],"line":54},"11":{"loc":{"start":{"line":66,"column":16},"end":{"line":66,"column":57}},"type":"binary-expr","locations":[{"start":{"line":66,"column":16},"end":{"line":66,"column":23}},{"start":{"line":66,"column":27},"end":{"line":66,"column":57}}],"line":66},"12":{"loc":{"start":{"line":79,"column":29},"end":{"line":79,"column":72}},"type":"cond-expr","locations":[{"start":{"line":79,"column":46},"end":{"line":79,"column":67}},{"start":{"line":79,"column":70},"end":{"line":79,"column":72}}],"line":79},"13":{"loc":{"start":{"line":98,"column":4},"end":{"line":100,"column":5}},"type":"if","locations":[{"start":{"line":98,"column":4},"end":{"line":100,"column":5}},{"start":{},"end":{}}],"line":98},"14":{"loc":{"start":{"line":108,"column":37},"end":{"line":108,"column":49}},"type":"default-arg","locations":[{"start":{"line":108,"column":47},"end":{"line":108,"column":49}}],"line":108},"15":{"loc":{"start":{"line":109,"column":4},"end":{"line":112,"column":5}},"type":"if","locations":[{"start":{"line":109,"column":4},"end":{"line":112,"column":5}},{"start":{},"end":{}}],"line":109},"16":{"loc":{"start":{"line":118,"column":21},"end":{"line":118,"column":90}},"type":"cond-expr","locations":[{"start":{"line":118,"column":50},"end":{"line":118,"column":59}},{"start":{"line":118,"column":62},"end":{"line":118,"column":90}}],"line":118},"17":{"loc":{"start":{"line":134,"column":33},"end":{"line":134,"column":47}},"type":"default-arg","locations":[{"start":{"line":134,"column":41},"end":{"line":134,"column":47}}],"line":134},"18":{"loc":{"start":{"line":134,"column":49},"end":{"line":134,"column":61}},"type":"default-arg","locations":[{"start":{"line":134,"column":59},"end":{"line":134,"column":61}}],"line":134},"19":{"loc":{"start":{"line":135,"column":4},"end":{"line":135,"column":29}},"type":"if","locations":[{"start":{"line":135,"column":4},"end":{"line":135,"column":29}},{"start":{},"end":{}}],"line":135},"20":{"loc":{"start":{"line":153,"column":25},"end":{"line":153,"column":37}},"type":"default-arg","locations":[{"start":{"line":153,"column":35},"end":{"line":153,"column":37}}],"line":153},"21":{"loc":{"start":{"line":155,"column":4},"end":{"line":166,"column":5}},"type":"if","locations":[{"start":{"line":155,"column":4},"end":{"line":166,"column":5}},{"start":{},"end":{}}],"line":155},"22":{"loc":{"start":{"line":157,"column":8},"end":{"line":157,"column":74}},"type":"if","locations":[{"start":{"line":157,"column":8},"end":{"line":157,"column":74}},{"start":{},"end":{}}],"line":157},"23":{"loc":{"start":{"line":158,"column":8},"end":{"line":158,"column":83}},"type":"if","locations":[{"start":{"line":158,"column":8},"end":{"line":158,"column":83}},{"start":{},"end":{}}],"line":158},"24":{"loc":{"start":{"line":162,"column":12},"end":{"line":164,"column":13}},"type":"if","locations":[{"start":{"line":162,"column":12},"end":{"line":164,"column":13}},{"start":{},"end":{}}],"line":162},"25":{"loc":{"start":{"line":162,"column":16},"end":{"line":162,"column":53}},"type":"binary-expr","locations":[{"start":{"line":162,"column":16},"end":{"line":162,"column":31}},{"start":{"line":162,"column":35},"end":{"line":162,"column":53}}],"line":162},"26":{"loc":{"start":{"line":174,"column":8},"end":{"line":180,"column":9}},"type":"if","locations":[{"start":{"line":174,"column":8},"end":{"line":180,"column":9}},{"start":{"line":178,"column":15},"end":{"line":180,"column":9}}],"line":174},"27":{"loc":{"start":{"line":185,"column":22},"end":{"line":187,"column":57}},"type":"cond-expr","locations":[{"start":{"line":186,"column":14},"end":{"line":186,"column":20}},{"start":{"line":187,"column":14},"end":{"line":187,"column":57}}],"line":185},"28":{"loc":{"start":{"line":194,"column":8},"end":{"line":200,"column":9}},"type":"if","locations":[{"start":{"line":194,"column":8},"end":{"line":200,"column":9}},{"start":{"line":198,"column":15},"end":{"line":200,"column":9}}],"line":194}},"s":{"0":20,"1":20,"2":20,"3":20,"4":20,"5":20,"6":20,"7":20,"8":19,"9":1,"10":1,"11":18,"12":18,"13":1,"14":17,"15":1,"16":16,"17":16,"18":16,"19":16,"20":16,"21":16,"22":16,"23":16,"24":16,"25":16,"26":0,"27":16,"28":6,"29":1,"30":1,"31":5,"32":5,"33":5,"34":5,"35":5,"36":5,"37":2,"38":5,"39":2,"40":0,"41":2,"42":2,"43":2,"44":2,"45":2,"46":1,"47":2,"48":2,"49":2,"50":1,"51":1,"52":1,"53":1,"54":0,"55":1,"56":2,"57":1,"58":16,"59":1,"60":1,"61":1,"62":1,"63":0,"64":0,"65":16,"66":1,"67":1,"68":16,"69":1,"70":1,"71":1,"72":0,"73":0,"74":20},"f":{"0":19,"1":6,"2":2,"3":2,"4":1,"5":2,"6":2,"7":16,"8":1,"9":1,"10":0,"11":1,"12":16,"13":1,"14":1,"15":0},"b":{"0":[1,18],"1":[18],"2":[18,0],"3":[18],"4":[18],"5":[16],"6":[18],"7":[18],"8":[1,17],"9":[1,16],"10":[1,15],"11":[16,16],"12":[1,15],"13":[0,16],"14":[5],"15":[1,5],"16":[4,1],"17":[1],"18":[1],"19":[0,2],"20":[1],"21":[1,1],"22":[1,0],"23":[0,1],"24":[1,1],"25":[2,1],"26":[1,0],"27":[0,1],"28":[1,0]},"_coverageSchema":"1a1c01bbd47fc00a2c39e90264f33305004495a9","hash":"ca1468a74ef58b67c09b17eec82befc82409c8b3"}
,"/Users/usamak/Documents/agent/error-debugger/backend/sdk/javascript/src/instrumentation.js": {"path":"/Users/usamak/Documents/agent/error-debugger/backend/sdk/javascript/src/instrumentation.js","statementMap":{"0":{"start":{"line":2,"column":29},"end":{"line":2,"column":31}},"1":{"start":{"line":5,"column":4},"end":{"line":8,"column":19}},"2":{"start":{"line":6,"column":40},"end":{"line":6,"column":86}},"3":{"start":{"line":7,"column":8},"end":{"line":7,"column":57}},"4":{"start":{"line":11,"column":4},"end":{"line":14,"column":19}},"5":{"start":{"line":12,"column":43},"end":{"line":12,"column":92}},"6":{"start":{"line":13,"column":8},"end":{"line":13,"column":60}},"7":{"start":{"line":17,"column":4},"end":{"line":20,"column":19}},"8":{"start":{"line":18,"column":43},"end":{"line":18,"column":92}},"9":{"start":{"line":19,"column":8},"end":{"line":19,"column":60}},"10":{"start":{"line":22,"column":4},"end":{"line":22,"column":28}},"11":{"start":{"line":25,"column":0},"end":{"line":25,"column":41}}},"fnMap":{"0":{"name":"getInstrumentations","decl":{"start":{"line":1,"column":9},"end":{"line":1,"column":28}},"loc":{"start":{"line":1,"column":31},"end":{"line":23,"column":1}},"line":1}},"branchMap":{},"s":{"0":2,"1":2,"2":2,"3":2,"4":2,"5":2,"6":2,"7":2,"8":2,"9":2,"10":2,"11":21},"f":{"0":2},"b":{},"_coverageSchema":"1a1c01bbd47fc00a2c39e90264f33305004495a9","hash":"aa364680629c1bebf60f4a3382840da5f87f68fd"}
}
