TN:
SF:src/index.js
FN:32,init
FN:108,captureException
FN:124,(anonymous_2)
FN:134,captureMessage
FN:143,(anonymous_4)
FN:153,setUser
FN:161,(anonymous_6)
FN:169,setupErrorHandlers
FN:171,(anonymous_8)
FN:176,(anonymous_9)
FN:177,(anonymous_10)
FN:184,(anonymous_11)
FN:192,setupShutdownHandlers
FN:193,(anonymous_13)
FN:196,(anonymous_14)
FN:197,(anonymous_15)
FNF:16
FNH:14
FNDA:19,init
FNDA:6,captureException
FNDA:2,(anonymous_2)
FNDA:2,captureMessage
FNDA:1,(anonymous_4)
FNDA:2,setUser
FNDA:2,(anonymous_6)
FNDA:16,setupErrorHandlers
FNDA:1,(anonymous_8)
FNDA:1,(anonymous_9)
FNDA:0,(anonymous_10)
FNDA:1,(anonymous_11)
FNDA:16,setupShutdownHandlers
FNDA:1,(anonymous_13)
FNDA:1,(anonymous_14)
FNDA:0,(anonymous_15)
DA:1,20
DA:2,20
DA:3,20
DA:4,20
DA:5,20
DA:6,20
DA:8,20
DA:9,20
DA:33,19
DA:34,1
DA:35,1
DA:47,18
DA:50,18
DA:51,17
DA:54,16
DA:59,16
DA:71,16
DA:79,16
DA:82,16
DA:88,16
DA:91,16
DA:94,16
DA:96,16
DA:98,16
DA:99,0
DA:102,16
DA:109,6
DA:110,1
DA:111,1
DA:114,5
DA:115,5
DA:118,5
DA:120,5
DA:121,5
DA:124,5
DA:125,2
DA:128,5
DA:135,2
DA:137,2
DA:138,2
DA:140,2
DA:141,2
DA:143,2
DA:144,1
DA:147,2
DA:154,2
DA:155,2
DA:156,1
DA:157,1
DA:158,1
DA:161,1
DA:162,2
DA:163,1
DA:171,16
DA:172,1
DA:174,1
DA:175,1
DA:176,1
DA:177,0
DA:179,0
DA:184,16
DA:185,1
DA:188,1
DA:193,16
DA:194,1
DA:195,1
DA:196,1
DA:197,0
DA:199,0
DA:204,20
LF:70
LH:65
BRDA:33,0,0,1
BRDA:33,0,1,18
BRDA:41,1,0,18
BRDA:41,2,0,18
BRDA:41,2,1,0
BRDA:42,3,0,18
BRDA:43,4,0,18
BRDA:44,5,0,16
BRDA:45,6,0,18
BRDA:46,7,0,18
BRDA:50,8,0,1
BRDA:50,8,1,17
BRDA:51,9,0,1
BRDA:51,9,1,16
BRDA:54,10,0,1
BRDA:54,10,1,15
BRDA:66,11,0,16
BRDA:66,11,1,16
BRDA:79,12,0,1
BRDA:79,12,1,15
BRDA:98,13,0,0
BRDA:98,13,1,16
BRDA:108,14,0,5
BRDA:109,15,0,1
BRDA:109,15,1,5
BRDA:118,16,0,4
BRDA:118,16,1,1
BRDA:134,17,0,1
BRDA:134,18,0,1
BRDA:135,19,0,0
BRDA:135,19,1,2
BRDA:153,20,0,1
BRDA:155,21,0,1
BRDA:155,21,1,1
BRDA:157,22,0,1
BRDA:157,22,1,0
BRDA:158,23,0,0
BRDA:158,23,1,1
BRDA:162,24,0,1
BRDA:162,24,1,1
BRDA:162,25,0,2
BRDA:162,25,1,1
BRDA:174,26,0,1
BRDA:174,26,1,0
BRDA:185,27,0,0
BRDA:185,27,1,1
BRDA:194,28,0,1
BRDA:194,28,1,0
BRF:48
BRH:40
end_of_record
TN:
SF:src/instrumentation.js
FN:1,getInstrumentations
FNF:1
FNH:1
FNDA:2,getInstrumentations
DA:2,2
DA:5,2
DA:6,2
DA:7,2
DA:11,2
DA:12,2
DA:13,2
DA:17,2
DA:18,2
DA:19,2
DA:22,2
DA:25,21
LF:12
LH:12
BRF:0
BRH:0
end_of_record
